{"meta": {"format": 3, "version": "7.12.0", "timestamp": "2025-12-11T05:24:07.965093", "branch_coverage": false, "show_contexts": false}, "files": {"src/html_tool_manager/__init__.py": {"executed_lines": [0], "summary": {"covered_lines": 0, "num_statements": 0, "percent_covered": 100.0, "percent_covered_display": "100", "missing_lines": 0, "excluded_lines": 0, "percent_statements_covered": 100.0, "percent_statements_covered_display": "100"}, "missing_lines": [], "excluded_lines": [], "functions": {"": {"executed_lines": [], "summary": {"covered_lines": 0, "num_statements": 0, "percent_covered": 100.0, "percent_covered_display": "100", "missing_lines": 0, "excluded_lines": 0, "percent_statements_covered": 100.0, "percent_statements_covered_display": "100"}, "missing_lines": [], "excluded_lines": []}}, "classes": {"": {"executed_lines": [], "summary": {"covered_lines": 0, "num_statements": 0, "percent_covered": 100.0, "percent_covered_display": "100", "missing_lines": 0, "excluded_lines": 0, "percent_statements_covered": 100.0, "percent_statements_covered_display": "100"}, "missing_lines": [], "excluded_lines": []}}}, "src/html_tool_manager/api/__init__.py": {"executed_lines": [1], "summary": {"covered_lines": 1, "num_statements": 1, "percent_covered": 100.0, "percent_covered_display": "100", "missing_lines": 0, "excluded_lines": 0, "percent_statements_covered": 100.0, "percent_statements_covered_display": "100"}, "missing_lines": [], "excluded_lines": [], "functions": {"": {"executed_lines": [1], "summary": {"covered_lines": 1, "num_statements": 1, "percent_covered": 100.0, "percent_covered_display": "100", "missing_lines": 0, "excluded_lines": 0, "percent_statements_covered": 100.0, "percent_statements_covered_display": "100"}, "missing_lines": [], "excluded_lines": []}}, "classes": {"": {"executed_lines": [1], "summary": {"covered_lines": 1, "num_statements": 1, "percent_covered": 100.0, "percent_covered_display": "100", "missing_lines": 0, "excluded_lines": 0, "percent_statements_covered": 100.0, "percent_statements_covered_display": "100"}, "missing_lines": [], "excluded_lines": []}}}, "src/html_tool_manager/api/query_parser.py": {"executed_lines": [1, 2, 5, 8, 19, 26, 29, 30, 32, 33, 34, 35, 36, 38, 39, 40, 41, 42, 50], "summary": {"covered_lines": 19, "num_statements": 24, "percent_covered": 79.16666666666667, "percent_covered_display": "79", "missing_lines": 5, "excluded_lines": 0, "percent_statements_covered": 79.16666666666667, "percent_statements_covered_display": "79"}, "missing_lines": [27, 44, 45, 47, 48], "excluded_lines": [], "functions": {"parse_query": {"executed_lines": [19, 26, 29, 30, 32, 33, 34, 35, 36, 38, 39, 40, 41, 42, 50], "summary": {"covered_lines": 15, "num_statements": 20, "percent_covered": 75.0, "percent_covered_display": "75", "missing_lines": 5, "excluded_lines": 0, "percent_statements_covered": 75.0, "percent_statements_covered_display": "75"}, "missing_lines": [27, 44, 45, 47, 48], "excluded_lines": []}, "": {"executed_lines": [1, 2, 5, 8], "summary": {"covered_lines": 4, "num_statements": 4, "percent_covered": 100.0, "percent_covered_display": "100", "missing_lines": 0, "excluded_lines": 0, "percent_statements_covered": 100.0, "percent_statements_covered_display": "100"}, "missing_lines": [], "excluded_lines": []}}, "classes": {"": {"executed_lines": [1, 2, 5, 8, 19, 26, 29, 30, 32, 33, 34, 35, 36, 38, 39, 40, 41, 42, 50], "summary": {"covered_lines": 19, "num_statements": 24, "percent_covered": 79.16666666666667, "percent_covered_display": "79", "missing_lines": 5, "excluded_lines": 0, "percent_statements_covered": 79.16666666666667, "percent_statements_covered_display": "79"}, "missing_lines": [27, 44, 45, 47, 48], "excluded_lines": []}}}, "src/html_tool_manager/api/tools.py": {"executed_lines": [1, 3, 4, 5, 6, 8, 9, 10, 12, 14, 17, 18, 20, 21, 22, 23, 28, 29, 37, 38, 39, 40, 42, 45, 48, 49, 51, 52, 53, 54, 60, 61, 63, 64, 65, 66, 83, 84, 86, 87, 88, 89, 94, 95, 97, 100, 101, 103, 104, 105, 106, 107, 109, 110, 111, 116, 122, 124, 125, 128, 130, 137, 138, 140, 141, 143, 145, 146, 147, 148, 150, 151, 152, 154, 155, 156, 157, 158, 160, 162], "summary": {"covered_lines": 79, "num_statements": 92, "percent_covered": 85.8695652173913, "percent_covered_display": "86", "missing_lines": 13, "excluded_lines": 0, "percent_statements_covered": 85.8695652173913, "percent_statements_covered_display": "86"}, "missing_lines": [24, 25, 57, 69, 71, 72, 75, 76, 79, 80, 91, 112, 114], "excluded_lines": [], "functions": {"create_tool": {"executed_lines": [20, 21, 22, 23], "summary": {"covered_lines": 4, "num_statements": 6, "percent_covered": 66.66666666666667, "percent_covered_display": "67", "missing_lines": 2, "excluded_lines": 0, "percent_statements_covered": 66.66666666666667, "percent_statements_covered_display": "67"}, "missing_lines": [24, 25], "excluded_lines": []}, "read_tools": {"executed_lines": [37, 38, 39, 40, 42, 45], "summary": {"covered_lines": 6, "num_statements": 6, "percent_covered": 100.0, "percent_covered_display": "100", "missing_lines": 0, "excluded_lines": 0, "percent_statements_covered": 100.0, "percent_statements_covered_display": "100"}, "missing_lines": [], "excluded_lines": []}, "read_tool": {"executed_lines": [51, 52, 53, 54], "summary": {"covered_lines": 4, "num_statements": 5, "percent_covered": 80.0, "percent_covered_display": "80", "missing_lines": 1, "excluded_lines": 0, "percent_statements_covered": 80.0, "percent_statements_covered_display": "80"}, "missing_lines": [57], "excluded_lines": []}, "update_tool": {"executed_lines": [63, 64, 65, 66], "summary": {"covered_lines": 4, "num_statements": 11, "percent_covered": 36.36363636363637, "percent_covered_display": "36", "missing_lines": 7, "excluded_lines": 0, "percent_statements_covered": 36.36363636363637, "percent_statements_covered_display": "36"}, "missing_lines": [69, 71, 72, 75, 76, 79, 80], "excluded_lines": []}, "delete_tool": {"executed_lines": [86, 87, 88, 89], "summary": {"covered_lines": 4, "num_statements": 5, "percent_covered": 80.0, "percent_covered_display": "80", "missing_lines": 1, "excluded_lines": 0, "percent_statements_covered": 80.0, "percent_statements_covered_display": "80"}, "missing_lines": [91], "excluded_lines": []}, "export_tools": {"executed_lines": [103, 104, 105, 106, 107, 109, 110, 111, 116, 122, 124, 125, 128, 130], "summary": {"covered_lines": 14, "num_statements": 16, "percent_covered": 87.5, "percent_covered_display": "88", "missing_lines": 2, "excluded_lines": 0, "percent_statements_covered": 87.5, "percent_statements_covered_display": "88"}, "missing_lines": [112, 114], "excluded_lines": []}, "import_tools": {"executed_lines": [140, 141, 143, 145, 146, 147, 148, 150, 151, 152, 154, 155, 156, 157, 158, 160, 162], "summary": {"covered_lines": 17, "num_statements": 17, "percent_covered": 100.0, "percent_covered_display": "100", "missing_lines": 0, "excluded_lines": 0, "percent_statements_covered": 100.0, "percent_statements_covered_display": "100"}, "missing_lines": [], "excluded_lines": []}, "": {"executed_lines": [1, 3, 4, 5, 6, 8, 9, 10, 12, 14, 17, 18, 28, 29, 48, 49, 60, 61, 83, 84, 94, 95, 97, 100, 101, 137, 138], "summary": {"covered_lines": 26, "num_statements": 26, "percent_covered": 100.0, "percent_covered_display": "100", "missing_lines": 0, "excluded_lines": 0, "percent_statements_covered": 100.0, "percent_statements_covered_display": "100"}, "missing_lines": [], "excluded_lines": []}}, "classes": {"ToolExportRequest": {"executed_lines": [], "summary": {"covered_lines": 0, "num_statements": 0, "percent_covered": 100.0, "percent_covered_display": "100", "missing_lines": 0, "excluded_lines": 0, "percent_statements_covered": 100.0, "percent_statements_covered_display": "100"}, "missing_lines": [], "excluded_lines": []}, "": {"executed_lines": [1, 3, 4, 5, 6, 8, 9, 10, 12, 14, 17, 18, 20, 21, 22, 23, 28, 29, 37, 38, 39, 40, 42, 45, 48, 49, 51, 52, 53, 54, 60, 61, 63, 64, 65, 66, 83, 84, 86, 87, 88, 89, 94, 95, 97, 100, 101, 103, 104, 105, 106, 107, 109, 110, 111, 116, 122, 124, 125, 128, 130, 137, 138, 140, 141, 143, 145, 146, 147, 148, 150, 151, 152, 154, 155, 156, 157, 158, 160, 162], "summary": {"covered_lines": 79, "num_statements": 92, "percent_covered": 85.8695652173913, "percent_covered_display": "86", "missing_lines": 13, "excluded_lines": 0, "percent_statements_covered": 85.8695652173913, "percent_statements_covered_display": "86"}, "missing_lines": [24, 25, 57, 69, 71, 72, 75, 76, 79, 80, 91, 112, 114], "excluded_lines": []}}}, "src/html_tool_manager/core/__init__.py": {"executed_lines": [0], "summary": {"covered_lines": 0, "num_statements": 0, "percent_covered": 100.0, "percent_covered_display": "100", "missing_lines": 0, "excluded_lines": 0, "percent_statements_covered": 100.0, "percent_statements_covered_display": "100"}, "missing_lines": [], "excluded_lines": [], "functions": {"": {"executed_lines": [], "summary": {"covered_lines": 0, "num_statements": 0, "percent_covered": 100.0, "percent_covered_display": "100", "missing_lines": 0, "excluded_lines": 0, "percent_statements_covered": 100.0, "percent_statements_covered_display": "100"}, "missing_lines": [], "excluded_lines": []}}, "classes": {"": {"executed_lines": [], "summary": {"covered_lines": 0, "num_statements": 0, "percent_covered": 100.0, "percent_covered_display": "100", "missing_lines": 0, "excluded_lines": 0, "percent_statements_covered": 100.0, "percent_statements_covered_display": "100"}, "missing_lines": [], "excluded_lines": []}}}, "src/html_tool_manager/core/db.py": {"executed_lines": [1, 3, 5, 7, 10, 12, 15, 16, 24, 32, 40, 50, 53], "summary": {"covered_lines": 13, "num_statements": 15, "percent_covered": 86.66666666666667, "percent_covered_display": "87", "missing_lines": 2, "excluded_lines": 0, "percent_statements_covered": 86.66666666666667, "percent_statements_covered_display": "87"}, "missing_lines": [55, 56], "excluded_lines": [], "functions": {"create_db_and_tables": {"executed_lines": [12, 15, 16, 24, 32, 40, 50], "summary": {"covered_lines": 7, "num_statements": 7, "percent_covered": 100.0, "percent_covered_display": "100", "missing_lines": 0, "excluded_lines": 0, "percent_statements_covered": 100.0, "percent_statements_covered_display": "100"}, "missing_lines": [], "excluded_lines": []}, "get_session": {"executed_lines": [], "summary": {"covered_lines": 0, "num_statements": 2, "percent_covered": 0.0, "percent_covered_display": "0", "missing_lines": 2, "excluded_lines": 0, "percent_statements_covered": 0.0, "percent_statements_covered_display": "0"}, "missing_lines": [55, 56], "excluded_lines": []}, "": {"executed_lines": [1, 3, 5, 7, 10, 53], "summary": {"covered_lines": 6, "num_statements": 6, "percent_covered": 100.0, "percent_covered_display": "100", "missing_lines": 0, "excluded_lines": 0, "percent_statements_covered": 100.0, "percent_statements_covered_display": "100"}, "missing_lines": [], "excluded_lines": []}}, "classes": {"": {"executed_lines": [1, 3, 5, 7, 10, 12, 15, 16, 24, 32, 40, 50, 53], "summary": {"covered_lines": 13, "num_statements": 15, "percent_covered": 86.66666666666667, "percent_covered_display": "87", "missing_lines": 2, "excluded_lines": 0, "percent_statements_covered": 86.66666666666667, "percent_statements_covered_display": "87"}, "missing_lines": [55, 56], "excluded_lines": []}}}, "src/html_tool_manager/main.py": {"executed_lines": [1, 2, 4, 5, 6, 7, 9, 10, 13, 14, 23, 26, 29, 31, 34, 35, 40, 41, 46, 47, 52, 53], "summary": {"covered_lines": 22, "num_statements": 29, "percent_covered": 75.86206896551724, "percent_covered_display": "76", "missing_lines": 7, "excluded_lines": 0, "percent_statements_covered": 75.86206896551724, "percent_statements_covered_display": "76"}, "missing_lines": [17, 18, 20, 37, 43, 49, 55], "excluded_lines": [], "functions": {"lifespan": {"executed_lines": [], "summary": {"covered_lines": 0, "num_statements": 3, "percent_covered": 0.0, "percent_covered_display": "0", "missing_lines": 3, "excluded_lines": 0, "percent_statements_covered": 0.0, "percent_statements_covered_display": "0"}, "missing_lines": [17, 18, 20], "excluded_lines": []}, "read_root": {"executed_lines": [], "summary": {"covered_lines": 0, "num_statements": 1, "percent_covered": 0.0, "percent_covered_display": "0", "missing_lines": 1, "excluded_lines": 0, "percent_statements_covered": 0.0, "percent_statements_covered_display": "0"}, "missing_lines": [37], "excluded_lines": []}, "create_tool_page": {"executed_lines": [], "summary": {"covered_lines": 0, "num_statements": 1, "percent_covered": 0.0, "percent_covered_display": "0", "missing_lines": 1, "excluded_lines": 0, "percent_statements_covered": 0.0, "percent_statements_covered_display": "0"}, "missing_lines": [43], "excluded_lines": []}, "edit_tool_page": {"executed_lines": [], "summary": {"covered_lines": 0, "num_statements": 1, "percent_covered": 0.0, "percent_covered_display": "0", "missing_lines": 1, "excluded_lines": 0, "percent_statements_covered": 0.0, "percent_statements_covered_display": "0"}, "missing_lines": [49], "excluded_lines": []}, "view_tool_page": {"executed_lines": [], "summary": {"covered_lines": 0, "num_statements": 1, "percent_covered": 0.0, "percent_covered_display": "0", "missing_lines": 1, "excluded_lines": 0, "percent_statements_covered": 0.0, "percent_statements_covered_display": "0"}, "missing_lines": [55], "excluded_lines": []}, "": {"executed_lines": [1, 2, 4, 5, 6, 7, 9, 10, 13, 14, 23, 26, 29, 31, 34, 35, 40, 41, 46, 47, 52, 53], "summary": {"covered_lines": 22, "num_statements": 22, "percent_covered": 100.0, "percent_covered_display": "100", "missing_lines": 0, "excluded_lines": 0, "percent_statements_covered": 100.0, "percent_statements_covered_display": "100"}, "missing_lines": [], "excluded_lines": []}}, "classes": {"": {"executed_lines": [1, 2, 4, 5, 6, 7, 9, 10, 13, 14, 23, 26, 29, 31, 34, 35, 40, 41, 46, 47, 52, 53], "summary": {"covered_lines": 22, "num_statements": 29, "percent_covered": 75.86206896551724, "percent_covered_display": "76", "missing_lines": 7, "excluded_lines": 0, "percent_statements_covered": 75.86206896551724, "percent_statements_covered_display": "76"}, "missing_lines": [17, 18, 20, 37, 43, 49, 55], "excluded_lines": []}}}, "src/html_tool_manager/models/__init__.py": {"executed_lines": [1, 2, 3], "summary": {"covered_lines": 3, "num_statements": 3, "percent_covered": 100.0, "percent_covered_display": "100", "missing_lines": 0, "excluded_lines": 0, "percent_statements_covered": 100.0, "percent_statements_covered_display": "100"}, "missing_lines": [], "excluded_lines": [], "functions": {"": {"executed_lines": [1, 2, 3], "summary": {"covered_lines": 3, "num_statements": 3, "percent_covered": 100.0, "percent_covered_display": "100", "missing_lines": 0, "excluded_lines": 0, "percent_statements_covered": 100.0, "percent_statements_covered_display": "100"}, "missing_lines": [], "excluded_lines": []}}, "classes": {"": {"executed_lines": [1, 2, 3], "summary": {"covered_lines": 3, "num_statements": 3, "percent_covered": 100.0, "percent_covered_display": "100", "missing_lines": 0, "excluded_lines": 0, "percent_statements_covered": 100.0, "percent_statements_covered_display": "100"}, "missing_lines": [], "excluded_lines": []}}}, "src/html_tool_manager/models/tool.py": {"executed_lines": [1, 2, 3, 4, 6, 7, 12, 15, 16, 17, 18, 19, 20, 23, 24, 26, 27, 30, 31, 33, 34, 35, 36, 37, 39, 40, 41, 43, 45, 46, 47, 48, 49, 50, 52, 53, 54, 56, 57, 58, 59, 60, 62, 63, 64, 66, 68, 70, 71, 73, 74, 75, 77, 78, 81, 82, 83, 84, 85, 86, 88, 91, 92, 94, 95, 96, 97, 101, 102, 104, 105, 108, 109, 111, 112, 113, 114], "summary": {"covered_lines": 72, "num_statements": 76, "percent_covered": 94.73684210526316, "percent_covered_display": "95", "missing_lines": 4, "excluded_lines": 0, "percent_statements_covered": 94.73684210526316, "percent_statements_covered_display": "95"}, "missing_lines": [44, 67, 69, 76], "excluded_lines": [], "functions": {"ToolBase.validate_name": {"executed_lines": [43, 45, 46, 47, 48, 49, 50], "summary": {"covered_lines": 7, "num_statements": 8, "percent_covered": 87.5, "percent_covered_display": "88", "missing_lines": 1, "excluded_lines": 0, "percent_statements_covered": 87.5, "percent_statements_covered_display": "88"}, "missing_lines": [44], "excluded_lines": []}, "ToolBase.validate_description": {"executed_lines": [56, 57, 58, 59, 60], "summary": {"covered_lines": 5, "num_statements": 5, "percent_covered": 100.0, "percent_covered_display": "100", "missing_lines": 0, "excluded_lines": 0, "percent_statements_covered": 100.0, "percent_statements_covered_display": "100"}, "missing_lines": [], "excluded_lines": []}, "ToolBase.validate_tags": {"executed_lines": [66, 68, 70, 71, 73, 74, 75, 77, 78, 81, 82, 83, 84, 85, 86, 88], "summary": {"covered_lines": 16, "num_statements": 19, "percent_covered": 84.21052631578948, "percent_covered_display": "84", "missing_lines": 3, "excluded_lines": 0, "percent_statements_covered": 84.21052631578948, "percent_statements_covered_display": "84"}, "missing_lines": [67, 69, 76], "excluded_lines": []}, "": {"executed_lines": [1, 2, 3, 4, 6, 7, 12, 15, 16, 17, 18, 19, 20, 23, 24, 26, 27, 30, 31, 33, 34, 35, 36, 37, 39, 40, 41, 52, 53, 54, 62, 63, 64, 91, 92, 94, 95, 96, 97, 101, 102, 104, 105, 108, 109, 111, 112, 113, 114], "summary": {"covered_lines": 44, "num_statements": 44, "percent_covered": 100.0, "percent_covered_display": "100", "missing_lines": 0, "excluded_lines": 0, "percent_statements_covered": 100.0, "percent_statements_covered_display": "100"}, "missing_lines": [], "excluded_lines": []}}, "classes": {"ToolType": {"executed_lines": [], "summary": {"covered_lines": 0, "num_statements": 0, "percent_covered": 100.0, "percent_covered_display": "100", "missing_lines": 0, "excluded_lines": 0, "percent_statements_covered": 100.0, "percent_statements_covered_display": "100"}, "missing_lines": [], "excluded_lines": []}, "ToolBase": {"executed_lines": [43, 45, 46, 47, 48, 49, 50, 56, 57, 58, 59, 60, 66, 68, 70, 71, 73, 74, 75, 77, 78, 81, 82, 83, 84, 85, 86, 88], "summary": {"covered_lines": 28, "num_statements": 32, "percent_covered": 87.5, "percent_covered_display": "88", "missing_lines": 4, "excluded_lines": 0, "percent_statements_covered": 87.5, "percent_statements_covered_display": "88"}, "missing_lines": [44, 67, 69, 76], "excluded_lines": []}, "Tool": {"executed_lines": [], "summary": {"covered_lines": 0, "num_statements": 0, "percent_covered": 100.0, "percent_covered_display": "100", "missing_lines": 0, "excluded_lines": 0, "percent_statements_covered": 100.0, "percent_statements_covered_display": "100"}, "missing_lines": [], "excluded_lines": []}, "ToolCreate": {"executed_lines": [], "summary": {"covered_lines": 0, "num_statements": 0, "percent_covered": 100.0, "percent_covered_display": "100", "missing_lines": 0, "excluded_lines": 0, "percent_statements_covered": 100.0, "percent_statements_covered_display": "100"}, "missing_lines": [], "excluded_lines": []}, "ToolRead": {"executed_lines": [], "summary": {"covered_lines": 0, "num_statements": 0, "percent_covered": 100.0, "percent_covered_display": "100", "missing_lines": 0, "excluded_lines": 0, "percent_statements_covered": 100.0, "percent_statements_covered_display": "100"}, "missing_lines": [], "excluded_lines": []}, "": {"executed_lines": [1, 2, 3, 4, 6, 7, 12, 15, 16, 17, 18, 19, 20, 23, 24, 26, 27, 30, 31, 33, 34, 35, 36, 37, 39, 40, 41, 52, 53, 54, 62, 63, 64, 91, 92, 94, 95, 96, 97, 101, 102, 104, 105, 108, 109, 111, 112, 113, 114], "summary": {"covered_lines": 44, "num_statements": 44, "percent_covered": 100.0, "percent_covered_display": "100", "missing_lines": 0, "excluded_lines": 0, "percent_statements_covered": 100.0, "percent_statements_covered_display": "100"}, "missing_lines": [], "excluded_lines": []}}}, "src/html_tool_manager/repositories/__init__.py": {"executed_lines": [1, 2], "summary": {"covered_lines": 2, "num_statements": 2, "percent_covered": 100.0, "percent_covered_display": "100", "missing_lines": 0, "excluded_lines": 0, "percent_statements_covered": 100.0, "percent_statements_covered_display": "100"}, "missing_lines": [], "excluded_lines": [], "functions": {"": {"executed_lines": [1, 2], "summary": {"covered_lines": 2, "num_statements": 2, "percent_covered": 100.0, "percent_covered_display": "100", "missing_lines": 0, "excluded_lines": 0, "percent_statements_covered": 100.0, "percent_statements_covered_display": "100"}, "missing_lines": [], "excluded_lines": []}}, "classes": {"": {"executed_lines": [1, 2], "summary": {"covered_lines": 2, "num_statements": 2, "percent_covered": 100.0, "percent_covered_display": "100", "missing_lines": 0, "excluded_lines": 0, "percent_statements_covered": 100.0, "percent_statements_covered_display": "100"}, "missing_lines": [], "excluded_lines": []}}}, "src/html_tool_manager/repositories/tool_repository.py": {"executed_lines": [1, 2, 3, 4, 6, 7, 8, 10, 11, 12, 13, 16, 17, 19, 20, 21, 22, 23, 26, 27, 29, 36, 38, 40, 41, 42, 43, 45, 47, 52, 53, 56, 59, 62, 63, 64, 66, 67, 70, 73, 76, 78, 80, 82, 84, 85, 87, 95, 98, 99, 103, 105, 106, 107, 112, 113, 115, 116, 117, 118, 125, 126, 127, 130, 132, 133, 135, 137, 139, 142, 144, 146, 147, 149, 164, 166, 167, 168], "summary": {"covered_lines": 76, "num_statements": 99, "percent_covered": 76.76767676767676, "percent_covered_display": "77", "missing_lines": 23, "excluded_lines": 0, "percent_statements_covered": 76.76767676767676, "percent_statements_covered_display": "77"}, "missing_lines": [49, 57, 101, 102, 108, 109, 134, 136, 138, 140, 151, 152, 153, 155, 156, 157, 159, 160, 161, 162, 169, 170, 171], "excluded_lines": [], "functions": {"ToolRepository.__init__": {"executed_lines": [36], "summary": {"covered_lines": 1, "num_statements": 1, "percent_covered": 100.0, "percent_covered_display": "100", "missing_lines": 0, "excluded_lines": 0, "percent_statements_covered": 100.0, "percent_statements_covered_display": "100"}, "missing_lines": [], "excluded_lines": []}, "ToolRepository.create_tool": {"executed_lines": [40, 41, 42, 43], "summary": {"covered_lines": 4, "num_statements": 4, "percent_covered": 100.0, "percent_covered_display": "100", "missing_lines": 0, "excluded_lines": 0, "percent_statements_covered": 100.0, "percent_statements_covered_display": "100"}, "missing_lines": [], "excluded_lines": []}, "ToolRepository.create_tool_with_content": {"executed_lines": [47, 52, 53, 56, 59, 62, 63, 64, 66, 67, 70, 73, 76], "summary": {"covered_lines": 13, "num_statements": 15, "percent_covered": 86.66666666666667, "percent_covered_display": "87", "missing_lines": 2, "excluded_lines": 0, "percent_statements_covered": 86.66666666666667, "percent_statements_covered_display": "87"}, "missing_lines": [49, 57], "excluded_lines": []}, "ToolRepository.get_tool": {"executed_lines": [80], "summary": {"covered_lines": 1, "num_statements": 1, "percent_covered": 100.0, "percent_covered_display": "100", "missing_lines": 0, "excluded_lines": 0, "percent_statements_covered": 100.0, "percent_statements_covered_display": "100"}, "missing_lines": [], "excluded_lines": []}, "ToolRepository.get_all_tools": {"executed_lines": [84, 85], "summary": {"covered_lines": 2, "num_statements": 2, "percent_covered": 100.0, "percent_covered_display": "100", "missing_lines": 0, "excluded_lines": 0, "percent_statements_covered": 100.0, "percent_statements_covered_display": "100"}, "missing_lines": [], "excluded_lines": []}, "ToolRepository.search_tools": {"executed_lines": [95, 98, 99, 103, 105, 106, 107, 112, 113, 115, 116, 117, 118, 125, 126, 127, 130, 132, 133, 135, 137, 139, 142, 144, 146, 147], "summary": {"covered_lines": 26, "num_statements": 34, "percent_covered": 76.47058823529412, "percent_covered_display": "76", "missing_lines": 8, "excluded_lines": 0, "percent_statements_covered": 76.47058823529412, "percent_statements_covered_display": "76"}, "missing_lines": [101, 102, 108, 109, 134, 136, 138, 140], "excluded_lines": []}, "ToolRepository.update_tool": {"executed_lines": [], "summary": {"covered_lines": 0, "num_statements": 10, "percent_covered": 0.0, "percent_covered_display": "0", "missing_lines": 10, "excluded_lines": 0, "percent_statements_covered": 0.0, "percent_statements_covered_display": "0"}, "missing_lines": [151, 152, 153, 155, 156, 157, 159, 160, 161, 162], "excluded_lines": []}, "ToolRepository.delete_tool": {"executed_lines": [166, 167, 168], "summary": {"covered_lines": 3, "num_statements": 6, "percent_covered": 50.0, "percent_covered_display": "50", "missing_lines": 3, "excluded_lines": 0, "percent_statements_covered": 50.0, "percent_statements_covered_display": "50"}, "missing_lines": [169, 170, 171], "excluded_lines": []}, "": {"executed_lines": [1, 2, 3, 4, 6, 7, 8, 10, 11, 12, 13, 16, 17, 19, 20, 21, 22, 23, 26, 27, 29, 38, 45, 78, 82, 87, 149, 164], "summary": {"covered_lines": 26, "num_statements": 26, "percent_covered": 100.0, "percent_covered_display": "100", "missing_lines": 0, "excluded_lines": 0, "percent_statements_covered": 100.0, "percent_statements_covered_display": "100"}, "missing_lines": [], "excluded_lines": []}}, "classes": {"SortOrder": {"executed_lines": [], "summary": {"covered_lines": 0, "num_statements": 0, "percent_covered": 100.0, "percent_covered_display": "100", "missing_lines": 0, "excluded_lines": 0, "percent_statements_covered": 100.0, "percent_statements_covered_display": "100"}, "missing_lines": [], "excluded_lines": []}, "ToolRepository": {"executed_lines": [36, 40, 41, 42, 43, 47, 52, 53, 56, 59, 62, 63, 64, 66, 67, 70, 73, 76, 80, 84, 85, 95, 98, 99, 103, 105, 106, 107, 112, 113, 115, 116, 117, 118, 125, 126, 127, 130, 132, 133, 135, 137, 139, 142, 144, 146, 147, 166, 167, 168], "summary": {"covered_lines": 50, "num_statements": 73, "percent_covered": 68.4931506849315, "percent_covered_display": "68", "missing_lines": 23, "excluded_lines": 0, "percent_statements_covered": 68.4931506849315, "percent_statements_covered_display": "68"}, "missing_lines": [49, 57, 101, 102, 108, 109, 134, 136, 138, 140, 151, 152, 153, 155, 156, 157, 159, 160, 161, 162, 169, 170, 171], "excluded_lines": []}, "": {"executed_lines": [1, 2, 3, 4, 6, 7, 8, 10, 11, 12, 13, 16, 17, 19, 20, 21, 22, 23, 26, 27, 29, 38, 45, 78, 82, 87, 149, 164], "summary": {"covered_lines": 26, "num_statements": 26, "percent_covered": 100.0, "percent_covered_display": "100", "missing_lines": 0, "excluded_lines": 0, "percent_statements_covered": 100.0, "percent_statements_covered_display": "100"}, "missing_lines": [], "excluded_lines": []}}}, "src/html_tool_manager/schemas/__init__.py": {"executed_lines": [], "summary": {"covered_lines": 0, "num_statements": 0, "percent_covered": 100.0, "percent_covered_display": "100", "missing_lines": 0, "excluded_lines": 0, "percent_statements_covered": 100.0, "percent_statements_covered_display": "100"}, "missing_lines": [], "excluded_lines": [], "functions": {"": {"executed_lines": [], "summary": {"covered_lines": 0, "num_statements": 0, "percent_covered": 100.0, "percent_covered_display": "100", "missing_lines": 0, "excluded_lines": 0, "percent_statements_covered": 100.0, "percent_statements_covered_display": "100"}, "missing_lines": [], "excluded_lines": []}}, "classes": {"": {"executed_lines": [], "summary": {"covered_lines": 0, "num_statements": 0, "percent_covered": 100.0, "percent_covered_display": "100", "missing_lines": 0, "excluded_lines": 0, "percent_statements_covered": 100.0, "percent_statements_covered_display": "100"}, "missing_lines": [], "excluded_lines": []}}}, "src/html_tool_manager/templates/react_template.py": {"executed_lines": [1, 4, 59], "summary": {"covered_lines": 2, "num_statements": 10, "percent_covered": 20.0, "percent_covered_display": "20", "missing_lines": 8, "excluded_lines": 0, "percent_statements_covered": 20.0, "percent_statements_covered_display": "20"}, "missing_lines": [18, 20, 69, 72, 73, 76, 83, 85], "excluded_lines": [], "functions": {"generate_react_html": {"executed_lines": [], "summary": {"covered_lines": 0, "num_statements": 2, "percent_covered": 0.0, "percent_covered_display": "0", "missing_lines": 2, "excluded_lines": 0, "percent_statements_covered": 0.0, "percent_statements_covered_display": "0"}, "missing_lines": [18, 20], "excluded_lines": []}, "_transform_imports_exports": {"executed_lines": [], "summary": {"covered_lines": 0, "num_statements": 6, "percent_covered": 0.0, "percent_covered_display": "0", "missing_lines": 6, "excluded_lines": 0, "percent_statements_covered": 0.0, "percent_statements_covered_display": "0"}, "missing_lines": [69, 72, 73, 76, 83, 85], "excluded_lines": []}, "": {"executed_lines": [1, 4, 59], "summary": {"covered_lines": 2, "num_statements": 2, "percent_covered": 100.0, "percent_covered_display": "100", "missing_lines": 0, "excluded_lines": 0, "percent_statements_covered": 100.0, "percent_statements_covered_display": "100"}, "missing_lines": [], "excluded_lines": []}}, "classes": {"": {"executed_lines": [1, 4, 59], "summary": {"covered_lines": 2, "num_statements": 10, "percent_covered": 20.0, "percent_covered_display": "20", "missing_lines": 8, "excluded_lines": 0, "percent_statements_covered": 20.0, "percent_statements_covered_display": "20"}, "missing_lines": [18, 20, 69, 72, 73, 76, 83, 85], "excluded_lines": []}}}, "src/html_tool_manager/utils/code_detector.py": {"executed_lines": [1, 3, 5, 8, 24, 31, 43, 47, 48, 52], "summary": {"covered_lines": 9, "num_statements": 11, "percent_covered": 81.81818181818181, "percent_covered_display": "82", "missing_lines": 2, "excluded_lines": 0, "percent_statements_covered": 81.81818181818181, "percent_statements_covered_display": "82"}, "missing_lines": [44, 49], "excluded_lines": [], "functions": {"detect_tool_type": {"executed_lines": [24, 31, 43, 47, 48, 52], "summary": {"covered_lines": 6, "num_statements": 8, "percent_covered": 75.0, "percent_covered_display": "75", "missing_lines": 2, "excluded_lines": 0, "percent_statements_covered": 75.0, "percent_statements_covered_display": "75"}, "missing_lines": [44, 49], "excluded_lines": []}, "": {"executed_lines": [1, 3, 5, 8], "summary": {"covered_lines": 3, "num_statements": 3, "percent_covered": 100.0, "percent_covered_display": "100", "missing_lines": 0, "excluded_lines": 0, "percent_statements_covered": 100.0, "percent_statements_covered_display": "100"}, "missing_lines": [], "excluded_lines": []}}, "classes": {"": {"executed_lines": [1, 3, 5, 8, 24, 31, 43, 47, 48, 52], "summary": {"covered_lines": 9, "num_statements": 11, "percent_covered": 81.81818181818181, "percent_covered_display": "82", "missing_lines": 2, "excluded_lines": 0, "percent_statements_covered": 81.81818181818181, "percent_statements_covered_display": "82"}, "missing_lines": [44, 49], "excluded_lines": []}}}}, "totals": {"covered_lines": 298, "num_statements": 362, "percent_covered": 82.32044198895028, "percent_covered_display": "82", "missing_lines": 64, "excluded_lines": 0, "percent_statements_covered": 82.32044198895028, "percent_statements_covered_display": "82"}}